2020-06-27 14:36:13,050 INFO PERFORMANCE:|0|0|-1|-1

2020-06-27 14:41:13,054 INFO PERFORMANCE:|0|0|-1|-1

2020-06-27 14:46:13,056 INFO PERFORMANCE:|0|0|-1|-1

2020-06-27 14:51:13,057 INFO PERFORMANCE:|0|0|-1|-1

2020-06-27 14:56:13,058 INFO PERFORMANCE:|0|0|-1|-1

2020-06-27 15:01:13,059 INFO PERFORMANCE:|0|0|-1|-1

2020-06-27 15:06:13,060 INFO PERFORMANCE:|0|0|-1|-1

2020-06-27 15:11:13,061 INFO PERFORMANCE:|0|0|-1|-1

2020-06-27 15:16:13,062 INFO PERFORMANCE:|0|0|-1|-1

2020-06-27 15:21:13,064 INFO PERFORMANCE:|0|0|-1|-1

2020-06-27 15:26:13,065 INFO PERFORMANCE:|0|0|-1|-1

2020-06-27 15:31:13,066 INFO PERFORMANCE:|0|0|-1|-1

2020-06-27 15:36:13,067 INFO PERFORMANCE:|0|0|-1|-1

2020-06-27 15:41:13,069 INFO PERFORMANCE:|0|0|-1|-1

2020-06-27 15:46:13,070 INFO PERFORMANCE:|0|0|-1|-1

2020-06-27 15:51:13,071 INFO PERFORMANCE:|0|0|-1|-1

2020-06-27 15:56:13,073 INFO PERFORMANCE:|0|0|-1|-1

2020-06-27 16:01:13,074 INFO PERFORMANCE:|0|0|-1|-1

2020-06-27 16:06:13,075 INFO PERFORMANCE:|0|0|-1|-1

2020-06-27 16:11:13,077 INFO PERFORMANCE:|0|0|-1|-1

2020-06-27 16:16:13,079 INFO PERFORMANCE:|0|0|-1|-1

2020-06-27 16:21:13,081 INFO PERFORMANCE:|0|0|-1|-1

2020-06-27 16:26:13,082 INFO PERFORMANCE:|0|0|-1|-1

2020-06-27 16:31:13,084 INFO PERFORMANCE:|0|0|-1|-1

2020-06-27 16:36:13,085 INFO PERFORMANCE:|0|0|-1|-1

2020-06-27 16:41:13,085 INFO PERFORMANCE:|0|0|-1|-1

2020-06-27 16:46:13,087 INFO PERFORMANCE:|0|0|-1|-1

2020-06-27 16:51:13,088 INFO PERFORMANCE:|0|0|-1|-1

2020-06-27 16:56:13,090 INFO PERFORMANCE:|0|0|-1|-1

